<?xml version="1.0" encoding="UTF-8"?>
<robot generator="Robot 5.0.1 (Python 3.10.7 on win32)" generated="20221023 21:01:23.282" rpa="false" schemaversion="3">
<suite id="s1" name="Film Huren" source="C:\Users\WimDeCuyperDigitOffi\IdeaProjects\robot_tests-main\robot_tests-main\Opdracht3 Selenium B-tube\tests\film_huren.robot">
<kw name="Open My Website and login" library="basePage" type="SETUP">
<kw name="Open Browser" library="SeleniumLibrary">
<arg>${url}</arg>
<arg>${browser}</arg>
<doc>Opens a new browser instance to the optional ``url``.</doc>
<msg timestamp="20221023 21:01:23.662" level="INFO">Opening browser 'Google Chrome' to base url 'https://brightshopapp.herokuapp.com/#/'.</msg>
<status status="PASS" starttime="20221023 21:01:23.662" endtime="20221023 21:01:25.309"/>
</kw>
<kw name="Set Window Size" library="SeleniumLibrary">
<arg>1680</arg>
<arg>1050</arg>
<doc>Sets current windows size to given ``width`` and ``height``.</doc>
<status status="PASS" starttime="20221023 21:01:25.309" endtime="20221023 21:01:25.426"/>
</kw>
<kw name="Sleep" library="BuiltIn">
<arg>5s</arg>
<doc>Pauses the test executed for the given time.</doc>
<msg timestamp="20221023 21:01:30.429" level="INFO">Slept 5 seconds</msg>
<status status="PASS" starttime="20221023 21:01:25.426" endtime="20221023 21:01:30.429"/>
</kw>
<kw name="Click Element" library="SeleniumLibrary">
<arg>css:#SignInButton.css-ixez3h</arg>
<doc>Click the element identified by ``locator``.</doc>
<msg timestamp="20221023 21:01:30.430" level="INFO">Clicking element 'css:#SignInButton.css-ixez3h'.</msg>
<status status="PASS" starttime="20221023 21:01:30.429" endtime="20221023 21:01:30.627"/>
</kw>
<kw name="Sleep" library="BuiltIn">
<arg>1s</arg>
<doc>Pauses the test executed for the given time.</doc>
<msg timestamp="20221023 21:01:31.632" level="INFO">Slept 1 second</msg>
<status status="PASS" starttime="20221023 21:01:30.628" endtime="20221023 21:01:31.632"/>
</kw>
<kw name="Input Text" library="SeleniumLibrary">
<arg>css:#SignInEmail</arg>
<arg>decuyperwim@hotmail.com</arg>
<doc>Types the given ``text`` into the text field identified by ``locator``.</doc>
<msg timestamp="20221023 21:01:31.633" level="INFO">Typing text 'decuyperwim@hotmail.com' into text field 'css:#SignInEmail'.</msg>
<status status="PASS" starttime="20221023 21:01:31.632" endtime="20221023 21:01:31.736"/>
</kw>
<kw name="Input Text" library="SeleniumLibrary">
<arg>css:#SignInPassword</arg>
<arg>abc123</arg>
<doc>Types the given ``text`` into the text field identified by ``locator``.</doc>
<msg timestamp="20221023 21:01:31.737" level="INFO">Typing text 'abc123' into text field 'css:#SignInPassword'.</msg>
<status status="PASS" starttime="20221023 21:01:31.737" endtime="20221023 21:01:31.809"/>
</kw>
<kw name="Click Element" library="SeleniumLibrary">
<arg>css:#SignInButtonComplete</arg>
<doc>Click the element identified by ``locator``.</doc>
<msg timestamp="20221023 21:01:31.809" level="INFO">Clicking element 'css:#SignInButtonComplete'.</msg>
<status status="PASS" starttime="20221023 21:01:31.809" endtime="20221023 21:01:31.852"/>
</kw>
<status status="PASS" starttime="20221023 21:01:23.662" endtime="20221023 21:01:31.853"/>
</kw>
<test id="s1-t1" name="10. De zoekbalk vult resultaten aan" line="16">
<kw name="Sleep" library="BuiltIn">
<arg>3s</arg>
<doc>Pauses the test executed for the given time.</doc>
<msg timestamp="20221023 21:01:34.856" level="INFO">Slept 3 seconds</msg>
<status status="PASS" starttime="20221023 21:01:31.854" endtime="20221023 21:01:34.856"/>
</kw>
<kw name="Input Text" library="SeleniumLibrary">
<arg>${searchbarmovie}</arg>
<arg>${partofmovietorent}</arg>
<doc>Types the given ``text`` into the text field identified by ``locator``.</doc>
<msg timestamp="20221023 21:01:34.857" level="INFO">Typing text 'Alad' into text field '//input[@placeholder="Search.."][@type="text"]'.</msg>
<status status="PASS" starttime="20221023 21:01:34.857" endtime="20221023 21:01:34.955"/>
</kw>
<kw name="Sleep" library="BuiltIn">
<arg>1s</arg>
<doc>Pauses the test executed for the given time.</doc>
<msg timestamp="20221023 21:01:35.965" level="INFO">Slept 1 second</msg>
<status status="PASS" starttime="20221023 21:01:34.955" endtime="20221023 21:01:35.965"/>
</kw>
<kw name="Press Keys" library="SeleniumLibrary">
<arg>${searchbarmovie}</arg>
<arg>ARROW_DOWN</arg>
<arg>RETURN</arg>
<doc>Simulates the user pressing key(s) to an element or on the active browser.</doc>
<msg timestamp="20221023 21:01:35.967" level="INFO">Sending key(s) ('ARROW_DOWN', 'RETURN') to //input[@placeholder="Search.."][@type="text"] element.</msg>
<msg timestamp="20221023 21:01:36.238" level="INFO">Pressing special key ARROW_DOWN to element.</msg>
<msg timestamp="20221023 21:01:36.238" level="INFO">Releasing special key ARROW_DOWN.</msg>
<msg timestamp="20221023 21:01:36.243" level="INFO">Pressing special key RETURN to element.</msg>
<msg timestamp="20221023 21:01:36.243" level="INFO">Releasing special key RETURN.</msg>
<status status="PASS" starttime="20221023 21:01:35.966" endtime="20221023 21:01:36.271"/>
</kw>
<kw name="Sleep" library="BuiltIn">
<arg>3s</arg>
<doc>Pauses the test executed for the given time.</doc>
<msg timestamp="20221023 21:01:39.272" level="INFO">Slept 3 seconds</msg>
<status status="PASS" starttime="20221023 21:01:36.272" endtime="20221023 21:01:39.273"/>
</kw>
<kw name="Element Should Contain" library="SeleniumLibrary">
<arg>//div[@class='css-rabwp9']</arg>
<arg>${movietorent}</arg>
<doc>Verifies that element ``locator`` contains text ``expected``.</doc>
<msg timestamp="20221023 21:01:39.297" level="INFO">Element '//div[@class='css-rabwp9']' contains text 'Aladdin'.</msg>
<status status="PASS" starttime="20221023 21:01:39.273" endtime="20221023 21:01:39.297"/>
</kw>
<kw name="Sleep" library="BuiltIn">
<arg>2s</arg>
<doc>Pauses the test executed for the given time.</doc>
<msg timestamp="20221023 21:01:41.300" level="INFO">Slept 2 seconds</msg>
<status status="PASS" starttime="20221023 21:01:39.297" endtime="20221023 21:01:41.300"/>
</kw>
<kw name="Click Button" library="SeleniumLibrary">
<arg>${xbuttonmovietrailer}</arg>
<doc>Clicks the button identified by ``locator``.</doc>
<msg timestamp="20221023 21:01:41.301" level="INFO">Clicking button '//*[@id="CloseModal"]'.</msg>
<status status="PASS" starttime="20221023 21:01:41.301" endtime="20221023 21:01:41.380"/>
</kw>
<status status="PASS" starttime="20221023 21:01:31.853" endtime="20221023 21:01:41.380"/>
</test>
<test id="s1-t2" name="7. De zoekbalk helpt om een film op te zoeken" line="26">
<kw name="Sleep" library="BuiltIn">
<arg>3s</arg>
<doc>Pauses the test executed for the given time.</doc>
<msg timestamp="20221023 21:01:44.395" level="INFO">Slept 3 seconds</msg>
<status status="PASS" starttime="20221023 21:01:41.382" endtime="20221023 21:01:44.395"/>
</kw>
<kw name="Input Text" library="SeleniumLibrary">
<arg>${searchbarmovie}</arg>
<arg>${movietorent}</arg>
<doc>Types the given ``text`` into the text field identified by ``locator``.</doc>
<msg timestamp="20221023 21:01:44.396" level="INFO">Typing text 'Aladdin' into text field '//input[@placeholder="Search.."][@type="text"]'.</msg>
<status status="PASS" starttime="20221023 21:01:44.395" endtime="20221023 21:01:44.490"/>
</kw>
<kw name="Sleep" library="BuiltIn">
<arg>1s</arg>
<doc>Pauses the test executed for the given time.</doc>
<msg timestamp="20221023 21:01:45.506" level="INFO">Slept 1 second</msg>
<status status="PASS" starttime="20221023 21:01:44.491" endtime="20221023 21:01:45.506"/>
</kw>
<kw name="Press Keys" library="SeleniumLibrary">
<arg>${searchbarmovie}</arg>
<arg>ARROW_DOWN</arg>
<arg>RETURN</arg>
<doc>Simulates the user pressing key(s) to an element or on the active browser.</doc>
<msg timestamp="20221023 21:01:45.507" level="INFO">Sending key(s) ('ARROW_DOWN', 'RETURN') to //input[@placeholder="Search.."][@type="text"] element.</msg>
<msg timestamp="20221023 21:01:45.792" level="INFO">Pressing special key ARROW_DOWN to element.</msg>
<msg timestamp="20221023 21:01:45.792" level="INFO">Releasing special key ARROW_DOWN.</msg>
<msg timestamp="20221023 21:01:45.798" level="INFO">Pressing special key RETURN to element.</msg>
<msg timestamp="20221023 21:01:45.798" level="INFO">Releasing special key RETURN.</msg>
<status status="PASS" starttime="20221023 21:01:45.506" endtime="20221023 21:01:45.823"/>
</kw>
<kw name="Sleep" library="BuiltIn">
<arg>3s</arg>
<doc>Pauses the test executed for the given time.</doc>
<msg timestamp="20221023 21:01:48.833" level="INFO">Slept 3 seconds</msg>
<status status="PASS" starttime="20221023 21:01:45.824" endtime="20221023 21:01:48.833"/>
</kw>
<kw name="Element Should Contain" library="SeleniumLibrary">
<arg>//div[@class='css-rabwp9']</arg>
<arg>${movietorent}</arg>
<doc>Verifies that element ``locator`` contains text ``expected``.</doc>
<msg timestamp="20221023 21:01:48.856" level="INFO">Element '//div[@class='css-rabwp9']' contains text 'Aladdin'.</msg>
<status status="PASS" starttime="20221023 21:01:48.834" endtime="20221023 21:01:48.856"/>
</kw>
<kw name="Sleep" library="BuiltIn">
<arg>2s</arg>
<doc>Pauses the test executed for the given time.</doc>
<msg timestamp="20221023 21:01:50.859" level="INFO">Slept 2 seconds</msg>
<status status="PASS" starttime="20221023 21:01:48.856" endtime="20221023 21:01:50.859"/>
</kw>
<kw name="Click Button" library="SeleniumLibrary">
<arg>${xbuttonmovietrailer}</arg>
<doc>Clicks the button identified by ``locator``.</doc>
<msg timestamp="20221023 21:01:50.860" level="INFO">Clicking button '//*[@id="CloseModal"]'.</msg>
<status status="PASS" starttime="20221023 21:01:50.860" endtime="20221023 21:01:50.916"/>
</kw>
<status status="PASS" starttime="20221023 21:01:41.382" endtime="20221023 21:01:50.917"/>
</test>
<test id="s1-t3" name="4. Na het huren van een film, dalen de credits met de juiste waarde" line="36">
<status status="FAIL" starttime="20221023 21:01:50.919" endtime="20221023 21:01:50.921">Test contains no keywords.</status>
</test>
<kw name="Close Browser" library="SeleniumLibrary" type="TEARDOWN">
<doc>Closes the current browser.</doc>
<status status="PASS" starttime="20221023 21:01:50.923" endtime="20221023 21:01:53.117"/>
</kw>
<status status="FAIL" starttime="20221023 21:01:23.284" endtime="20221023 21:01:53.117"/>
</suite>
<statistics>
<total>
<stat pass="2" fail="1" skip="0">All Tests</stat>
</total>
<tag>
</tag>
<suite>
<stat pass="2" fail="1" skip="0" id="s1" name="Film Huren">Film Huren</stat>
</suite>
</statistics>
<errors>
</errors>
</robot>
