<?xml version="1.0" encoding="UTF-8"?>
<robot generator="Robot 5.0.1 (Python 3.10.7 on win32)" generated="20221026 19:57:11.302" rpa="false" schemaversion="3">
<suite id="s1" name="Profiel Test" source="C:\Users\WimDeCuyperDigitOffi\IdeaProjects\robot_tests-main\robot_tests-main\Opdracht3 Selenium B-tube\tests\profiel_test.robot">
<kw name="Open My Website and login" library="basePage" type="SETUP">
<kw name="Open Browser" library="SeleniumLibrary">
<arg>${url}</arg>
<arg>${browser}</arg>
<doc>Opens a new browser instance to the optional ``url``.</doc>
<msg timestamp="20221026 19:57:11.742" level="INFO">Opening browser 'Google Chrome' to base url 'https://brightshopapp.herokuapp.com/#/'.</msg>
<status status="PASS" starttime="20221026 19:57:11.742" endtime="20221026 19:57:13.762"/>
</kw>
<kw name="Set Window Size" library="SeleniumLibrary">
<arg>1680</arg>
<arg>1050</arg>
<doc>Sets current windows size to given ``width`` and ``height``.</doc>
<status status="PASS" starttime="20221026 19:57:13.762" endtime="20221026 19:57:13.897"/>
</kw>
<kw name="Sleep" library="BuiltIn">
<arg>5s</arg>
<doc>Pauses the test executed for the given time.</doc>
<msg timestamp="20221026 19:57:18.903" level="INFO">Slept 5 seconds</msg>
<status status="PASS" starttime="20221026 19:57:13.897" endtime="20221026 19:57:18.903"/>
</kw>
<kw name="Click Element" library="SeleniumLibrary">
<arg>css:#SignInButton.css-ixez3h</arg>
<doc>Click the element identified by ``locator``.</doc>
<msg timestamp="20221026 19:57:18.903" level="INFO">Clicking element 'css:#SignInButton.css-ixez3h'.</msg>
<status status="PASS" starttime="20221026 19:57:18.903" endtime="20221026 19:57:19.282"/>
</kw>
<kw name="Sleep" library="BuiltIn">
<arg>1s</arg>
<doc>Pauses the test executed for the given time.</doc>
<msg timestamp="20221026 19:57:20.292" level="INFO">Slept 1 second</msg>
<status status="PASS" starttime="20221026 19:57:19.287" endtime="20221026 19:57:20.292"/>
</kw>
<kw name="Input Text" library="SeleniumLibrary">
<arg>css:#SignInEmail</arg>
<arg>decuyperwim@hotmail.com</arg>
<doc>Types the given ``text`` into the text field identified by ``locator``.</doc>
<msg timestamp="20221026 19:57:20.292" level="INFO">Typing text 'decuyperwim@hotmail.com' into text field 'css:#SignInEmail'.</msg>
<status status="PASS" starttime="20221026 19:57:20.292" endtime="20221026 19:57:20.437"/>
</kw>
<kw name="Input Text" library="SeleniumLibrary">
<arg>css:#SignInPassword</arg>
<arg>abc123</arg>
<doc>Types the given ``text`` into the text field identified by ``locator``.</doc>
<msg timestamp="20221026 19:57:20.437" level="INFO">Typing text 'abc123' into text field 'css:#SignInPassword'.</msg>
<status status="PASS" starttime="20221026 19:57:20.437" endtime="20221026 19:57:20.542"/>
</kw>
<kw name="Click Element" library="SeleniumLibrary">
<arg>css:#SignInButtonComplete</arg>
<doc>Click the element identified by ``locator``.</doc>
<msg timestamp="20221026 19:57:20.542" level="INFO">Clicking element 'css:#SignInButtonComplete'.</msg>
<status status="PASS" starttime="20221026 19:57:20.542" endtime="20221026 19:57:20.599"/>
</kw>
<status status="PASS" starttime="20221026 19:57:11.742" endtime="20221026 19:57:20.599"/>
</kw>
<test id="s1-t1" name="1. Een profiel toon de correcte voor- en achternaam" line="12">
<kw name="Sleep" library="BuiltIn">
<arg>5s</arg>
<doc>Pauses the test executed for the given time.</doc>
<msg timestamp="20221026 19:57:25.622" level="INFO">Slept 5 seconds</msg>
<status status="PASS" starttime="20221026 19:57:20.607" endtime="20221026 19:57:25.622"/>
</kw>
<kw name="Click Element" library="SeleniumLibrary">
<arg>//a[@href='#/profile']//button[@id='OrdersPageButton']</arg>
<doc>Click the element identified by ``locator``.</doc>
<msg timestamp="20221026 19:57:25.622" level="INFO">Clicking element '//a[@href='#/profile']//button[@id='OrdersPageButton']'.</msg>
<status status="PASS" starttime="20221026 19:57:25.622" endtime="20221026 19:57:25.712"/>
</kw>
<kw name="Sleep" library="BuiltIn">
<arg>2s</arg>
<doc>Pauses the test executed for the given time.</doc>
<msg timestamp="20221026 19:57:27.717" level="INFO">Slept 2 seconds</msg>
<status status="PASS" starttime="20221026 19:57:25.712" endtime="20221026 19:57:27.717"/>
</kw>
<kw name="Element Text Should Be" library="SeleniumLibrary">
<arg>//p[@class='css-cpr2ex'][1]</arg>
<arg>wim</arg>
<doc>Verifies that element ``locator`` contains exact the text ``expected``.</doc>
<msg timestamp="20221026 19:57:27.717" level="INFO">Verifying element '//p[@class='css-cpr2ex'][1]' contains exact text 'wim'.</msg>
<status status="PASS" starttime="20221026 19:57:27.717" endtime="20221026 19:57:27.752"/>
</kw>
<kw name="Element Text Should Be" library="SeleniumLibrary">
<arg>//div[@class='css-kcntxh']/p[@class='css-cpr2ex'][1]</arg>
<arg>de cuyper</arg>
<doc>Verifies that element ``locator`` contains exact the text ``expected``.</doc>
<msg timestamp="20221026 19:57:27.752" level="INFO">Verifying element '//div[@class='css-kcntxh']/p[@class='css-cpr2ex'][1]' contains exact text 'de cuyper'.</msg>
<status status="PASS" starttime="20221026 19:57:27.752" endtime="20221026 19:57:27.772"/>
</kw>
<status status="PASS" starttime="20221026 19:57:20.599" endtime="20221026 19:57:27.772"/>
</test>
<test id="s1-t2" name="6. Een profiel heeft een avatar" line="19">
<kw name="Wait Until Element Is Visible" library="SeleniumLibrary">
<arg>css:.css-1wu7nrr</arg>
<doc>Waits until the element ``locator`` is visible.</doc>
<status status="PASS" starttime="20221026 19:57:27.782" endtime="20221026 19:57:27.817"/>
</kw>
<status status="PASS" starttime="20221026 19:57:27.782" endtime="20221026 19:57:27.823"/>
</test>
<test id="s1-t3" name="5. Negatieve credits kunnen niet aangekocht worden" line="22">
<kw name="Click Element" library="SeleniumLibrary">
<arg>//div[@class='css-1uhaiyw']/a[2]/button</arg>
<doc>Click the element identified by ``locator``.</doc>
<msg timestamp="20221026 19:57:27.823" level="INFO">Clicking element '//div[@class='css-1uhaiyw']/a[2]/button'.</msg>
<status status="PASS" starttime="20221026 19:57:27.823" endtime="20221026 19:57:27.887"/>
</kw>
<kw name="Sleep" library="BuiltIn">
<arg>2s</arg>
<doc>Pauses the test executed for the given time.</doc>
<msg timestamp="20221026 19:57:29.894" level="INFO">Slept 2 seconds</msg>
<status status="PASS" starttime="20221026 19:57:27.887" endtime="20221026 19:57:29.894"/>
</kw>
<kw name="Get Value" library="SeleniumLibrary">
<var>${initial_credit}</var>
<arg>//p[@class='css-cpr2ex'][3]</arg>
<doc>Returns the value attribute of the element identified by ``locator``.</doc>
<msg timestamp="20221026 19:57:29.923" level="INFO">${initial_credit} = None</msg>
<status status="PASS" starttime="20221026 19:57:29.894" endtime="20221026 19:57:29.923"/>
</kw>
<kw name="Click Element" library="SeleniumLibrary">
<arg>//div[@class='css-kcntxh']/button[@class='css-1e9674f']</arg>
<doc>Click the element identified by ``locator``.</doc>
<msg timestamp="20221026 19:57:29.923" level="INFO">Clicking element '//div[@class='css-kcntxh']/button[@class='css-1e9674f']'.</msg>
<status status="PASS" starttime="20221026 19:57:29.923" endtime="20221026 19:57:30.003"/>
</kw>
<kw name="Sleep" library="BuiltIn">
<arg>2s</arg>
<doc>Pauses the test executed for the given time.</doc>
<msg timestamp="20221026 19:57:32.012" level="INFO">Slept 2 seconds</msg>
<status status="PASS" starttime="20221026 19:57:30.003" endtime="20221026 19:57:32.012"/>
</kw>
<kw name="Input Text" library="SeleniumLibrary">
<arg>//form/input[@class='css-1ml9hd4']</arg>
<arg>-5</arg>
<doc>Types the given ``text`` into the text field identified by ``locator``.</doc>
<msg timestamp="20221026 19:57:32.012" level="INFO">Typing text '-5' into text field '//form/input[@class='css-1ml9hd4']'.</msg>
<status status="PASS" starttime="20221026 19:57:32.012" endtime="20221026 19:57:32.138"/>
</kw>
<kw name="Sleep" library="BuiltIn">
<arg>2s</arg>
<doc>Pauses the test executed for the given time.</doc>
<msg timestamp="20221026 19:57:34.147" level="INFO">Slept 2 seconds</msg>
<status status="PASS" starttime="20221026 19:57:32.138" endtime="20221026 19:57:34.147"/>
</kw>
<kw name="Click Element" library="SeleniumLibrary">
<arg>//form/button[@class='css-1e9674f']</arg>
<doc>Click the element identified by ``locator``.</doc>
<msg timestamp="20221026 19:57:34.147" level="INFO">Clicking element '//form/button[@class='css-1e9674f']'.</msg>
<status status="PASS" starttime="20221026 19:57:34.147" endtime="20221026 19:57:34.287"/>
</kw>
<kw name="Sleep" library="BuiltIn">
<arg>2s</arg>
<doc>Pauses the test executed for the given time.</doc>
<msg timestamp="20221026 19:57:36.297" level="INFO">Slept 2 seconds</msg>
<status status="PASS" starttime="20221026 19:57:34.287" endtime="20221026 19:57:36.297"/>
</kw>
<kw name="Get Value" library="SeleniumLibrary">
<var>${new_credit}</var>
<arg>//p[@class='css-cpr2ex'][3]</arg>
<doc>Returns the value attribute of the element identified by ``locator``.</doc>
<msg timestamp="20221026 19:57:36.321" level="INFO">${new_credit} = None</msg>
<status status="PASS" starttime="20221026 19:57:36.297" endtime="20221026 19:57:36.321"/>
</kw>
<kw name="Should Be Equal" library="BuiltIn">
<arg>${initial_credit}</arg>
<arg>${new_credit}</arg>
<doc>Fails if the given objects are unequal.</doc>
<status status="PASS" starttime="20221026 19:57:36.321" endtime="20221026 19:57:36.321"/>
</kw>
<status status="PASS" starttime="20221026 19:57:27.823" endtime="20221026 19:57:36.321"/>
</test>
<kw name="Close Browser" library="SeleniumLibrary" type="TEARDOWN">
<doc>Closes the current browser.</doc>
<status status="PASS" starttime="20221026 19:57:36.321" endtime="20221026 19:57:38.741"/>
</kw>
<status status="PASS" starttime="20221026 19:57:11.302" endtime="20221026 19:57:38.743"/>
</suite>
<statistics>
<total>
<stat pass="3" fail="0" skip="0">All Tests</stat>
</total>
<tag>
</tag>
<suite>
<stat pass="3" fail="0" skip="0" id="s1" name="Profiel Test">Profiel Test</stat>
</suite>
</statistics>
<errors>
</errors>
</robot>
