<?xml version="1.0" encoding="UTF-8"?>
<robot generator="Robot 5.0.1 (Python 3.10.7 on win32)" generated="20220928 20:25:47.956" rpa="false" schemaversion="3">
<suite id="s1" name="01 openPageInBrowser" source="C:\Users\WimDeCuyperDigitOffi\IdeaProjects\robot_tests-main\robot_tests-main\Exercise2\tests\01_openPageInBrowser.robot">
<test id="s1-t1" name="The First Selenium Test" line="8">
<kw name="Open Browser" library="SeleniumLibrary">
<arg>http://www.brightest.be</arg>
<arg>Google Chrome</arg>
<doc>Opens a new browser instance to the optional ``url``.</doc>
<msg timestamp="20220928 20:25:48.261" level="INFO">Opening browser 'Google Chrome' to base url 'http://www.brightest.be'.</msg>
<status status="PASS" starttime="20220928 20:25:48.260" endtime="20220928 20:25:52.704"/>
</kw>
<kw name="Sleep" library="BuiltIn">
<arg>5s</arg>
<doc>Pauses the test executed for the given time.</doc>
<msg timestamp="20220928 20:25:57.718" level="INFO">Slept 5 seconds</msg>
<status status="PASS" starttime="20220928 20:25:52.705" endtime="20220928 20:25:57.718"/>
</kw>
<kw name="Close Browser" library="SeleniumLibrary">
<doc>Closes the current browser.</doc>
<status status="PASS" starttime="20220928 20:25:57.719" endtime="20220928 20:25:59.864"/>
</kw>
<status status="PASS" starttime="20220928 20:25:48.259" endtime="20220928 20:25:59.864"/>
</test>
<test id="s1-t2" name="The Selenium Test With Keywords" line="13">
<kw name="Open My Website" library="basePage">
<kw name="Open Browser" library="SeleniumLibrary">
<arg>${url}</arg>
<arg>${browser}</arg>
<doc>Opens a new browser instance to the optional ``url``.</doc>
<msg timestamp="20220928 20:25:59.867" level="INFO">Opening browser 'Google Chrome' to base url 'https://tweakers.net'.</msg>
<status status="PASS" starttime="20220928 20:25:59.867" endtime="20220928 20:26:02.352"/>
</kw>
<status status="PASS" starttime="20220928 20:25:59.866" endtime="20220928 20:26:02.353"/>
</kw>
<kw name="Sleep" library="BuiltIn">
<arg>5s</arg>
<doc>Pauses the test executed for the given time.</doc>
<msg timestamp="20220928 20:26:07.354" level="INFO">Slept 5 seconds</msg>
<status status="PASS" starttime="20220928 20:26:02.353" endtime="20220928 20:26:07.354"/>
</kw>
<kw name="Close Browser" library="SeleniumLibrary">
<doc>Closes the current browser.</doc>
<status status="PASS" starttime="20220928 20:26:07.355" endtime="20220928 20:26:09.448"/>
</kw>
<status status="PASS" starttime="20220928 20:25:59.866" endtime="20220928 20:26:09.449"/>
</test>
<status status="PASS" starttime="20220928 20:25:47.958" endtime="20220928 20:26:09.450"/>
</suite>
<statistics>
<total>
<stat pass="2" fail="0" skip="0">All Tests</stat>
</total>
<tag>
</tag>
<suite>
<stat pass="2" fail="0" skip="0" id="s1" name="01 openPageInBrowser">01 openPageInBrowser</stat>
</suite>
</statistics>
<errors>
</errors>
</robot>
